<?xml version="1.0" encoding="UTF-8"?>
<testng-results skipped="0" failed="0" total="1" passed="1">
  <reporter-output>
    <line>
      <![CDATA[Script runs in Firefox browser]]>
    </line>
    <line>
      <![CDATA[Alert is present and accepted!]]>
    </line>
    <line>
      <![CDATA[Asset deleted Sucssessfully!]]>
    </line>
  </reporter-output>
  <suite name="FarmCommand" duration-ms="157756" started-at="2016-06-09T17:13:49Z" finished-at="2016-06-09T17:16:27Z">
    <groups>
    </groups>
    <test name="Asset Manager -#829 Cannot delete assets test " duration-ms="157756" started-at="2016-06-09T17:13:49Z" finished-at="2016-06-09T17:16:27Z">
      <class name="org.stories.test.Story829">
        <test-method status="PASS" signature="setUp(java.lang.String, java.lang.String)[pri:0, instance:org.stories.test.Story829@1b604f19]" name="setUp" is-config="true" duration-ms="4741" started-at="2016-06-09T12:13:49Z" finished-at="2016-06-09T12:13:54Z">
          <params>
            <param index="0">
              <value>
                <![CDATA[Firefox]]>
              </value>
            </param>
            <param index="1">
              <value>
                <![CDATA[https://zonecalc.farmcommand.com/login/]]>
              </value>
            </param>
          </params>
          <reporter-output>
            <line>
              <![CDATA[Script runs in Firefox browser]]>
            </line>
          </reporter-output>
        </test-method> <!-- setUp -->
        <test-method status="PASS" signature="asset_Delete_Test()[pri:0, instance:org.stories.test.Story829@1b604f19]" name="asset_Delete_Test" duration-ms="150957" started-at="2016-06-09T12:13:54Z" finished-at="2016-06-09T12:16:25Z">
          <reporter-output>
            <line>
              <![CDATA[Alert is present and accepted!]]>
            </line>
            <line>
              <![CDATA[Asset deleted Sucssessfully!]]>
            </line>
          </reporter-output>
        </test-method> <!-- asset_Delete_Test -->
        <test-method status="PASS" signature="tearDown()[pri:0, instance:org.stories.test.Story829@1b604f19]" name="tearDown" is-config="true" duration-ms="2050" started-at="2016-06-09T12:16:25Z" finished-at="2016-06-09T12:16:27Z">
          <reporter-output>
          </reporter-output>
        </test-method> <!-- tearDown -->
      </class> <!-- org.stories.test.Story829 -->
    </test> <!-- Asset Manager -#829 Cannot delete assets test  -->
  </suite> <!-- FarmCommand -->
</testng-results>
